<?xml version="1.0" encoding="UTF-8"?>
<!-- Generated by org.testng.reporters.JUnitReportReporter -->
<testsuite skipped="0" hostname="MY-DELL-03" name="com.crm.qa.testcases.StartMainPageTest" tests="3" failures="0" timestamp="19 Dec 2021 17:03:01 GMT" time="43.389" errors="0">
  <testcase name="StartMainPageTitle" time="16.389" classname="com.crm.qa.testcases.StartMainPageTest"/>
  <testcase name="Logocheck" time="11.384" classname="com.crm.qa.testcases.StartMainPageTest"/>
  <testcase name="siginbtnclick" time="15.616" classname="com.crm.qa.testcases.StartMainPageTest"/>
</testsuite> <!-- com.crm.qa.testcases.StartMainPageTest -->
