<?xml version="1.0" encoding="UTF-8"?>
<!-- Generated by org.testng.reporters.JUnitReportReporter -->
<testsuite skipped="0" hostname="MY-DELL-03" name="com.crm.qa.testcases.StartMainPageTest" tests="3" failures="0" timestamp="20 Dec 2021 07:49:31 GMT" time="76.699" errors="0">
  <testcase name="StartMainPageTitle" time="23.074" classname="com.crm.qa.testcases.StartMainPageTest"/>
  <testcase name="Logocheck" time="18.462" classname="com.crm.qa.testcases.StartMainPageTest"/>
  <testcase name="siginbtnclick" time="35.163" classname="com.crm.qa.testcases.StartMainPageTest"/>
</testsuite> <!-- com.crm.qa.testcases.StartMainPageTest -->
